New log file opened at Thu Dec 10 22:53:26 EST 2015 by 18048@MichaelAWYus-MacBook-Pro.local
jvm 18048@MichaelAWYus-MacBook-Pro.local
jvm vmName=Java HotSpot(TM) 64-Bit Server VM vmVendor=Oracle Corporation vmVersion=25.45-b02
jvm specName=Java Virtual Machine Specification specVendor=Oracle Corporation specVersion=1.8
jvm arguments: [-Xms256m, -Xmx1024m, -XX:MetaspaceSize=64m, -XX:MaxMetaspaceSize=256m]
Starting event engine
Starting sbt command engine
Waiting for sbt command engine
Command engine arguments=List()
Command engine baseDirectory=/Users/MichaelAWYu/Documents/UnloadingYard/WorldKing/ResuMate
Command engine initial remaining commands List(--initialize, onFailure load-failed, boot, server-send-ready-for-request, server-handle-next-server-request)
> --initialize
> initialize
> onFailure load-failed
> boot
> reload
[Loading] Scanning directory /Users/MichaelAWYu/Documents/UnloadingYard/WorldKing/ResuMate/project
[Loading] Found non-root projects 
[Loading] Done in /Users/MichaelAWYu/Documents/UnloadingYard/WorldKing/ResuMate/project, returning: ()
deducing auto plugins based on known facts Set(Atom(sbt.plugins.CorePlugin)) and clauses Clauses(List(Clause(Atom(sbt.plugins.JvmPlugin),Set(Atom(sbt.plugins.IvyPlugin))), Clause(Atom(sbt.plugins.JUnitXmlReportPlugin),Set(Atom(sbt.plugins.JvmPlugin))), Clause(Atom(sbt.plugins.CorePlugin),Set(Atom(sbt.plugins.IvyPlugin))), Clause(Atom(sbt.plugins.IvyPlugin),Set(Atom(sbt.plugins.JvmPlugin))), Clause(Atom(sbt.plugins.JvmPlugin),Set(Atom(sbt.plugins.JUnitXmlReportPlugin)))))
  :: deduced result: Matched(sbt.plugins.CorePlugin,sbt.plugins.IvyPlugin,sbt.plugins.JvmPlugin,sbt.plugins.JUnitXmlReportPlugin)
sorting: ns: List(sbt.plugins.CorePlugin, sbt.plugins.IvyPlugin, sbt.plugins.JvmPlugin, sbt.plugins.JUnitXmlReportPlugin)
  :: sorting:: found: List(sbt.plugins.CorePlugin) not found List(sbt.plugins.IvyPlugin, sbt.plugins.JvmPlugin, sbt.plugins.JUnitXmlReportPlugin)
  :: sorting:: found: List(sbt.plugins.CorePlugin, sbt.plugins.IvyPlugin) not found List(sbt.plugins.JvmPlugin, sbt.plugins.JUnitXmlReportPlugin)
  :: sorting:: found: List(sbt.plugins.CorePlugin, sbt.plugins.IvyPlugin, sbt.plugins.JvmPlugin) not found List(sbt.plugins.JUnitXmlReportPlugin)
  :: sorting:: found: List(sbt.plugins.CorePlugin, sbt.plugins.IvyPlugin, sbt.plugins.JvmPlugin, sbt.plugins.JUnitXmlReportPlugin) not found List()
  :: sorted deduced result: List(sbt.plugins.CorePlugin, sbt.plugins.IvyPlugin, sbt.plugins.JvmPlugin, sbt.plugins.JUnitXmlReportPlugin)
[Loading] Done in /Users/MichaelAWYu/Documents/UnloadingYard/WorldKing/ResuMate/project, returning: (resumate-build)
Loading project definition from /Users/MichaelAWYu/Documents/UnloadingYard/WorldKing/ResuMate/project
Running task... Cancel: sbt.TaskCancellationStrategy$Null$@6612fad9, check cycles: false

Initial source changes: 
	removed:Set()
	added: Set()
	modified: Set()
Removed products: Set()
External API changes: API Changes: Set()
Modified binary dependencies: Set()
Initial directly invalidated sources: Set()

Sources indirectly invalidated by:
	product: Set()
	binary dep: Set()
	external source: Set()
All initially invalidated sources: Set()

Copy resource mappings: 
	
[Loading] Scanning directory /Users/MichaelAWYu/Documents/UnloadingYard/WorldKing/ResuMate
[Loading] Found root project root w/ remaining 
deducing auto plugins based on known facts Set(Atom(play.sbt.PlayJava), Atom(play.ebean.sbt.PlayEbean), Atom(sbt.plugins.CorePlugin)) and clauses Clauses(List(Clause(Atom(sbt.plugins.JvmPlugin),Set(Atom(sbt.plugins.IvyPlugin))), Clause(Atom(sbt.plugins.JUnitXmlReportPlugin),Set(Atom(sbt.plugins.JvmPlugin))), Clause(Atom(play.sbt.forkrun.PlayForkRun),Set(Atom(sbt.plugins.BackgroundRunPlugin))), Clause(Atom(play.sbt.forkrun.PlayForkRun),Set(Atom(play.sbt.Play))), Clause(Atom(play.sbt.forkrun.PlayForkRun),Set(Atom(sbt.plugins.SerializersPlugin))), Clause(Atom(play.sbt.Play),Set(Atom(com.typesafe.sbt.packager.archetypes.JavaServerAppPackaging))), Clause(Atom(play.sbt.Play),Set(Atom(play.sbt.routes.RoutesCompiler))), Clause(Atom(play.sbt.Play),Set(Atom(play.twirl.sbt.SbtTwirl))), Clause(Atom(play.sbt.Play),Set(Atom(com.typesafe.sbt.jse.SbtJsTask))), Clause(Atom(play.sbt.PlayAkkaHttpServer),Set(Atom(play.sbt.Play))), Clause(Atom(play.sbt.PlayJava),Set(Atom(play.sbt.Play))), Clause(Atom(play.sbt.PlayLayoutPlugin),Set(Atom(play.sbt.Play))), Clause(Atom(play.sbt.PlayNettyServer),Set(Atom(play.sbt.Play))), Clause(Atom(play.sbt.PlayScala),Set(Atom(play.sbt.Play))), Clause(Atom(play.sbt.routes.RoutesCompiler),Set(Atom(sbt.plugins.JvmPlugin))), Clause(Atom(play.twirl.sbt.SbtTwirl),Set(Atom(sbt.plugins.JvmPlugin))), Clause(Atom(com.typesafe.sbt.packager.archetypes.AkkaAppPackaging),Set(Atom(com.typesafe.sbt.packager.archetypes.JavaAppPackaging))), Clause(Atom(com.typesafe.sbt.packager.archetypes.JavaAppPackaging),Set(Atom(com.typesafe.sbt.packager.windows.WindowsPlugin))), Clause(Atom(com.typesafe.sbt.packager.archetypes.JavaAppPackaging),Set(Atom(com.typesafe.sbt.packager.docker.DockerPlugin))), Clause(Atom(com.typesafe.sbt.packager.archetypes.JavaAppPackaging),Set(Atom(com.typesafe.sbt.packager.debian.DebianPlugin))), Clause(Atom(com.typesafe.sbt.packager.archetypes.JavaAppPackaging),Set(Atom(com.typesafe.sbt.packager.rpm.RpmPlugin))), Clause(Atom(com.typesafe.sbt.packager.archetypes.JavaServerAppPackaging),Set(Atom(com.typesafe.sbt.packager.archetypes.JavaAppPackaging))), Clause(Atom(com.typesafe.sbt.packager.archetypes.jar.ClasspathJarPlugin),Set(Atom(com.typesafe.sbt.packager.archetypes.JavaAppPackaging))), Clause(Atom(com.typesafe.sbt.packager.archetypes.jar.LauncherJarPlugin),Set(Atom(com.typesafe.sbt.packager.archetypes.JavaAppPackaging))), Clause(Atom(com.typesafe.sbt.packager.debian.DebianDeployPlugin),Set(Atom(com.typesafe.sbt.packager.debian.DebianPlugin))), Clause(Atom(com.typesafe.sbt.packager.debian.DebianPlugin),Set(Atom(com.typesafe.sbt.packager.linux.LinuxPlugin))), Clause(Atom(com.typesafe.sbt.packager.debian.JDebPackaging),Set(Atom(com.typesafe.sbt.packager.debian.DebianPlugin))), Clause(Atom(com.typesafe.sbt.packager.docker.DockerPlugin),Set(Atom(com.typesafe.sbt.packager.universal.UniversalPlugin))), Clause(Atom(com.typesafe.sbt.packager.jdkpackager.JDKPackagerDeployPlugin),Set(Atom(com.typesafe.sbt.packager.jdkpackager.JDKPackagerPlugin))), Clause(Atom(com.typesafe.sbt.packager.jdkpackager.JDKPackagerPlugin),Set(Atom(com.typesafe.sbt.packager.archetypes.JavaAppPackaging))), Clause(Atom(com.typesafe.sbt.packager.jdkpackager.JDKPackagerPlugin),Set(Atom(com.typesafe.sbt.packager.archetypes.jar.ClasspathJarPlugin))), Clause(Atom(com.typesafe.sbt.packager.linux.LinuxPlugin),Set(Atom(com.typesafe.sbt.packager.universal.UniversalPlugin))), Clause(Atom(com.typesafe.sbt.packager.rpm.RpmDeployPlugin),Set(Atom(com.typesafe.sbt.packager.rpm.RpmPlugin))), Clause(Atom(com.typesafe.sbt.packager.rpm.RpmPlugin),Set(Atom(com.typesafe.sbt.packager.linux.LinuxPlugin))), Clause(Atom(com.typesafe.sbt.packager.universal.UniversalDeployPlugin),Set(Atom(com.typesafe.sbt.packager.universal.UniversalPlugin))), Clause(Atom(com.typesafe.sbt.packager.universal.UniversalPlugin),Set(Atom(com.typesafe.sbt.SbtNativePackager))), Clause(Atom(com.typesafe.sbt.packager.windows.WindowsDeployPlugin),Set(Atom(com.typesafe.sbt.packager.windows.WindowsPlugin))), Clause(Atom(com.typesafe.sbt.packager.windows.WindowsPlugin),Set(Atom(com.typesafe.sbt.packager.universal.UniversalPlugin))), Clause(Atom(com.typesafe.sbt.web.SbtWeb),Set(Atom(sbt.plugins.JvmPlugin))), Clause(Atom(com.typesafe.sbt.jse.SbtJsEngine),Set(Atom(com.typesafe.sbt.web.SbtWeb))), Clause(Atom(com.typesafe.sbt.jse.SbtJsTask),Set(Atom(com.typesafe.sbt.jse.SbtJsEngine))), Clause(Atom(sbt.plugins.BackgroundRunPlugin),Set(Atom(sbt.plugins.JvmPlugin))), Clause(Atom(com.typesafe.sbt.coffeescript.SbtCoffeeScript),Set(Atom(com.typesafe.sbt.jse.SbtJsTask))), Clause(Atom(com.typesafe.sbt.less.SbtLess),Set(Atom(com.typesafe.sbt.jse.SbtJsTask))), Clause(Atom(com.typesafe.sbt.jshint.SbtJSHint),Set(Atom(com.typesafe.sbt.jse.SbtJsTask))), Clause(Atom(com.typesafe.sbt.rjs.SbtRjs),Set(Atom(com.typesafe.sbt.jse.SbtJsTask))), Clause(Atom(com.typesafe.sbt.digest.SbtDigest),Set(Atom(com.typesafe.sbt.web.SbtWeb))), Clause(Atom(com.typesafe.sbt.mocha.SbtMocha),Set(Atom(com.typesafe.sbt.jse.SbtJsTask))), Clause(Atom(play.ebean.sbt.PlayEbean),Set(Atom(com.typesafe.play.sbt.enhancer.PlayEnhancer))), Clause(Atom(com.typesafe.play.sbt.enhancer.PlayEnhancer),Set(Atom(sbt.plugins.JvmPlugin))), Clause(Atom(sbt.plugins.CorePlugin),Set(Atom(sbt.plugins.IvyPlugin))), Clause(Atom(sbt.plugins.IvyPlugin),Set(Atom(sbt.plugins.JvmPlugin))), Clause(Atom(sbt.plugins.JvmPlugin),Set(Atom(sbt.plugins.JUnitXmlReportPlugin))), Clause(And(Set(Atom(sbt.plugins.BackgroundRunPlugin), Atom(play.sbt.Play), Atom(sbt.plugins.SerializersPlugin))),Set(Atom(play.sbt.forkrun.PlayForkRun))), Clause(Atom(play.sbt.Play),Set(Atom(play.sbt.PlayLayoutPlugin))), Clause(Atom(play.sbt.Play),Set(Atom(play.sbt.PlayNettyServer))), Clause(Atom(com.typesafe.sbt.web.SbtWeb),Set(Atom(com.typesafe.sbt.jse.SbtJsEngine))), Clause(Atom(com.typesafe.sbt.jse.SbtJsEngine),Set(Atom(com.typesafe.sbt.jse.SbtJsTask))), Clause(Atom(sbt.plugins.JvmPlugin),Set(Atom(sbt.plugins.BackgroundRunPlugin))), Clause(Atom(sbt.plugins.CorePlugin),Set(Atom(sbt.plugins.InteractionServicePlugin))), Clause(Atom(sbt.plugins.CorePlugin),Set(Atom(sbt.plugins.SendEventServicePlugin))), Clause(Atom(sbt.plugins.CorePlugin),Set(Atom(sbt.plugins.SerializersPlugin))), Clause(Atom(com.typesafe.sbt.jse.SbtJsTask),Set(Atom(com.typesafe.sbt.coffeescript.SbtCoffeeScript))), Clause(Atom(com.typesafe.sbt.jse.SbtJsTask),Set(Atom(com.typesafe.sbt.less.SbtLess))), Clause(Atom(com.typesafe.sbt.jse.SbtJsTask),Set(Atom(com.typesafe.sbt.jshint.SbtJSHint))), Clause(Atom(com.typesafe.sbt.jse.SbtJsTask),Set(Atom(com.typesafe.sbt.rjs.SbtRjs))), Clause(Atom(com.typesafe.sbt.web.SbtWeb),Set(Atom(com.typesafe.sbt.digest.SbtDigest))), Clause(Atom(com.typesafe.sbt.jse.SbtJsTask),Set(Atom(com.typesafe.sbt.mocha.SbtMocha))), Clause(Atom(sbt.plugins.JvmPlugin),Set(Atom(com.typesafe.play.sbt.enhancer.PlayEnhancer)))))
  :: deduced result: Matched(sbt.plugins.CorePlugin,play.ebean.sbt.PlayEbean,play.sbt.PlayJava,com.typesafe.play.sbt.enhancer.PlayEnhancer,sbt.plugins.InteractionServicePlugin,sbt.plugins.SendEventServicePlugin,play.sbt.Play,sbt.plugins.SerializersPlugin,sbt.plugins.IvyPlugin,com.typesafe.sbt.packager.archetypes.JavaServerAppPackaging,play.twirl.sbt.SbtTwirl,sbt.plugins.JvmPlugin,play.sbt.PlayNettyServer,play.sbt.PlayLayoutPlugin,play.sbt.routes.RoutesCompiler,com.typesafe.sbt.jse.SbtJsTask,com.typesafe.sbt.jshint.SbtJSHint,com.typesafe.sbt.packager.archetypes.JavaAppPackaging,sbt.plugins.JUnitXmlReportPlugin,com.typesafe.sbt.mocha.SbtMocha,com.typesafe.sbt.less.SbtLess,com.typesafe.sbt.rjs.SbtRjs,com.typesafe.sbt.jse.SbtJsEngine,com.typesafe.sbt.coffeescript.SbtCoffeeScript,sbt.plugins.BackgroundRunPlugin,com.typesafe.sbt.packager.rpm.RpmPlugin,com.typesafe.sbt.packager.windows.WindowsPlugin,com.typesafe.sbt.web.SbtWeb,com.typesafe.sbt.packager.docker.DockerPlugin,play.sbt.forkrun.PlayForkRun,com.typesafe.sbt.packager.debian.DebianPlugin,com.typesafe.sbt.digest.SbtDigest,com.typesafe.sbt.packager.universal.UniversalPlugin,com.typesafe.sbt.packager.linux.LinuxPlugin,com.typesafe.sbt.SbtNativePackager)
sorting: ns: List(sbt.plugins.CorePlugin, play.ebean.sbt.PlayEbean, play.sbt.PlayJava, com.typesafe.play.sbt.enhancer.PlayEnhancer, sbt.plugins.InteractionServicePlugin, sbt.plugins.SendEventServicePlugin, play.sbt.Play, sbt.plugins.SerializersPlugin, sbt.plugins.IvyPlugin, com.typesafe.sbt.packager.archetypes.JavaServerAppPackaging, play.twirl.sbt.SbtTwirl, sbt.plugins.JvmPlugin, play.sbt.PlayNettyServer, play.sbt.PlayLayoutPlugin, play.sbt.routes.RoutesCompiler, com.typesafe.sbt.jse.SbtJsTask, com.typesafe.sbt.jshint.SbtJSHint, com.typesafe.sbt.packager.archetypes.JavaAppPackaging, sbt.plugins.JUnitXmlReportPlugin, com.typesafe.sbt.mocha.SbtMocha, com.typesafe.sbt.less.SbtLess, com.typesafe.sbt.rjs.SbtRjs, com.typesafe.sbt.jse.SbtJsEngine, com.typesafe.sbt.coffeescript.SbtCoffeeScript, sbt.plugins.BackgroundRunPlugin, com.typesafe.sbt.packager.rpm.RpmPlugin, com.typesafe.sbt.packager.windows.WindowsPlugin, com.typesafe.sbt.web.SbtWeb, com.typesafe.sbt.packager.docker.DockerPlugin, play.sbt.forkrun.PlayForkRun, com.typesafe.sbt.packager.debian.DebianPlugin, com.typesafe.sbt.digest.SbtDigest, com.typesafe.sbt.packager.universal.UniversalPlugin, com.typesafe.sbt.packager.linux.LinuxPlugin, com.typesafe.sbt.SbtNativePackager)
  :: sorting:: found: List(sbt.plugins.CorePlugin, com.typesafe.sbt.SbtNativePackager) not found List(play.ebean.sbt.PlayEbean, play.sbt.PlayJava, com.typesafe.play.sbt.enhancer.PlayEnhancer, sbt.plugins.InteractionServicePlugin, sbt.plugins.SendEventServicePlugin, play.sbt.Play, sbt.plugins.SerializersPlugin, sbt.plugins.IvyPlugin, com.typesafe.sbt.packager.archetypes.JavaServerAppPackaging, play.twirl.sbt.SbtTwirl, sbt.plugins.JvmPlugin, play.sbt.PlayNettyServer, play.sbt.PlayLayoutPlugin, play.sbt.routes.RoutesCompiler, com.typesafe.sbt.jse.SbtJsTask, com.typesafe.sbt.jshint.SbtJSHint, com.typesafe.sbt.packager.archetypes.JavaAppPackaging, sbt.plugins.JUnitXmlReportPlugin, com.typesafe.sbt.mocha.SbtMocha, com.typesafe.sbt.less.SbtLess, com.typesafe.sbt.rjs.SbtRjs, com.typesafe.sbt.jse.SbtJsEngine, com.typesafe.sbt.coffeescript.SbtCoffeeScript, sbt.plugins.BackgroundRunPlugin, com.typesafe.sbt.packager.rpm.RpmPlugin, com.typesafe.sbt.packager.windows.WindowsPlugin, com.typesafe.sbt.web.SbtWeb, com.typesafe.sbt.packager.docker.DockerPlugin, play.sbt.forkrun.PlayForkRun, com.typesafe.sbt.packager.debian.DebianPlugin, com.typesafe.sbt.digest.SbtDigest, com.typesafe.sbt.packager.universal.UniversalPlugin, com.typesafe.sbt.packager.linux.LinuxPlugin)
  :: sorting:: found: List(sbt.plugins.CorePlugin, com.typesafe.sbt.SbtNativePackager, sbt.plugins.InteractionServicePlugin, sbt.plugins.SendEventServicePlugin, sbt.plugins.SerializersPlugin, sbt.plugins.IvyPlugin, com.typesafe.sbt.packager.universal.UniversalPlugin) not found List(play.ebean.sbt.PlayEbean, play.sbt.PlayJava, com.typesafe.play.sbt.enhancer.PlayEnhancer, play.sbt.Play, com.typesafe.sbt.packager.archetypes.JavaServerAppPackaging, play.twirl.sbt.SbtTwirl, sbt.plugins.JvmPlugin, play.sbt.PlayNettyServer, play.sbt.PlayLayoutPlugin, play.sbt.routes.RoutesCompiler, com.typesafe.sbt.jse.SbtJsTask, com.typesafe.sbt.jshint.SbtJSHint, com.typesafe.sbt.packager.archetypes.JavaAppPackaging, sbt.plugins.JUnitXmlReportPlugin, com.typesafe.sbt.mocha.SbtMocha, com.typesafe.sbt.less.SbtLess, com.typesafe.sbt.rjs.SbtRjs, com.typesafe.sbt.jse.SbtJsEngine, com.typesafe.sbt.coffeescript.SbtCoffeeScript, sbt.plugins.BackgroundRunPlugin, com.typesafe.sbt.packager.rpm.RpmPlugin, com.typesafe.sbt.packager.windows.WindowsPlugin, com.typesafe.sbt.web.SbtWeb, com.typesafe.sbt.packager.docker.DockerPlugin, play.sbt.forkrun.PlayForkRun, com.typesafe.sbt.packager.debian.DebianPlugin, com.typesafe.sbt.digest.SbtDigest, com.typesafe.sbt.packager.linux.LinuxPlugin)
  :: sorting:: found: List(sbt.plugins.CorePlugin, com.typesafe.sbt.SbtNativePackager, sbt.plugins.InteractionServicePlugin, sbt.plugins.SendEventServicePlugin, sbt.plugins.SerializersPlugin, sbt.plugins.IvyPlugin, com.typesafe.sbt.packager.universal.UniversalPlugin, sbt.plugins.JvmPlugin, com.typesafe.sbt.packager.windows.WindowsPlugin, com.typesafe.sbt.packager.docker.DockerPlugin, com.typesafe.sbt.packager.linux.LinuxPlugin) not found List(play.ebean.sbt.PlayEbean, play.sbt.PlayJava, com.typesafe.play.sbt.enhancer.PlayEnhancer, play.sbt.Play, com.typesafe.sbt.packager.archetypes.JavaServerAppPackaging, play.twirl.sbt.SbtTwirl, play.sbt.PlayNettyServer, play.sbt.PlayLayoutPlugin, play.sbt.routes.RoutesCompiler, com.typesafe.sbt.jse.SbtJsTask, com.typesafe.sbt.jshint.SbtJSHint, com.typesafe.sbt.packager.archetypes.JavaAppPackaging, sbt.plugins.JUnitXmlReportPlugin, com.typesafe.sbt.mocha.SbtMocha, com.typesafe.sbt.less.SbtLess, com.typesafe.sbt.rjs.SbtRjs, com.typesafe.sbt.jse.SbtJsEngine, com.typesafe.sbt.coffeescript.SbtCoffeeScript, sbt.plugins.BackgroundRunPlugin, com.typesafe.sbt.packager.rpm.RpmPlugin, com.typesafe.sbt.web.SbtWeb, play.sbt.forkrun.PlayForkRun, com.typesafe.sbt.packager.debian.DebianPlugin, com.typesafe.sbt.digest.SbtDigest)
  :: sorting:: found: List(sbt.plugins.CorePlugin, com.typesafe.sbt.SbtNativePackager, sbt.plugins.InteractionServicePlugin, sbt.plugins.SendEventServicePlugin, sbt.plugins.SerializersPlugin, sbt.plugins.IvyPlugin, com.typesafe.sbt.packager.universal.UniversalPlugin, sbt.plugins.JvmPlugin, com.typesafe.sbt.packager.windows.WindowsPlugin, com.typesafe.sbt.packager.docker.DockerPlugin, com.typesafe.sbt.packager.linux.LinuxPlugin, com.typesafe.play.sbt.enhancer.PlayEnhancer, play.twirl.sbt.SbtTwirl, play.sbt.routes.RoutesCompiler, sbt.plugins.JUnitXmlReportPlugin, sbt.plugins.BackgroundRunPlugin, com.typesafe.sbt.packager.rpm.RpmPlugin, com.typesafe.sbt.web.SbtWeb, com.typesafe.sbt.packager.debian.DebianPlugin) not found List(play.ebean.sbt.PlayEbean, play.sbt.PlayJava, play.sbt.Play, com.typesafe.sbt.packager.archetypes.JavaServerAppPackaging, play.sbt.PlayNettyServer, play.sbt.PlayLayoutPlugin, com.typesafe.sbt.jse.SbtJsTask, com.typesafe.sbt.jshint.SbtJSHint, com.typesafe.sbt.packager.archetypes.JavaAppPackaging, com.typesafe.sbt.mocha.SbtMocha, com.typesafe.sbt.less.SbtLess, com.typesafe.sbt.rjs.SbtRjs, com.typesafe.sbt.jse.SbtJsEngine, com.typesafe.sbt.coffeescript.SbtCoffeeScript, play.sbt.forkrun.PlayForkRun, com.typesafe.sbt.digest.SbtDigest)
  :: sorting:: found: List(sbt.plugins.CorePlugin, com.typesafe.sbt.SbtNativePackager, sbt.plugins.InteractionServicePlugin, sbt.plugins.SendEventServicePlugin, sbt.plugins.SerializersPlugin, sbt.plugins.IvyPlugin, com.typesafe.sbt.packager.universal.UniversalPlugin, sbt.plugins.JvmPlugin, com.typesafe.sbt.packager.windows.WindowsPlugin, com.typesafe.sbt.packager.docker.DockerPlugin, com.typesafe.sbt.packager.linux.LinuxPlugin, com.typesafe.play.sbt.enhancer.PlayEnhancer, play.twirl.sbt.SbtTwirl, play.sbt.routes.RoutesCompiler, sbt.plugins.JUnitXmlReportPlugin, sbt.plugins.BackgroundRunPlugin, com.typesafe.sbt.packager.rpm.RpmPlugin, com.typesafe.sbt.web.SbtWeb, com.typesafe.sbt.packager.debian.DebianPlugin, play.ebean.sbt.PlayEbean, com.typesafe.sbt.packager.archetypes.JavaAppPackaging, com.typesafe.sbt.jse.SbtJsEngine, com.typesafe.sbt.digest.SbtDigest) not found List(play.sbt.PlayJava, play.sbt.Play, com.typesafe.sbt.packager.archetypes.JavaServerAppPackaging, play.sbt.PlayNettyServer, play.sbt.PlayLayoutPlugin, com.typesafe.sbt.jse.SbtJsTask, com.typesafe.sbt.jshint.SbtJSHint, com.typesafe.sbt.mocha.SbtMocha, com.typesafe.sbt.less.SbtLess, com.typesafe.sbt.rjs.SbtRjs, com.typesafe.sbt.coffeescript.SbtCoffeeScript, play.sbt.forkrun.PlayForkRun)
  :: sorting:: found: List(sbt.plugins.CorePlugin, com.typesafe.sbt.SbtNativePackager, sbt.plugins.InteractionServicePlugin, sbt.plugins.SendEventServicePlugin, sbt.plugins.SerializersPlugin, sbt.plugins.IvyPlugin, com.typesafe.sbt.packager.universal.UniversalPlugin, sbt.plugins.JvmPlugin, com.typesafe.sbt.packager.windows.WindowsPlugin, com.typesafe.sbt.packager.docker.DockerPlugin, com.typesafe.sbt.packager.linux.LinuxPlugin, com.typesafe.play.sbt.enhancer.PlayEnhancer, play.twirl.sbt.SbtTwirl, play.sbt.routes.RoutesCompiler, sbt.plugins.JUnitXmlReportPlugin, sbt.plugins.BackgroundRunPlugin, com.typesafe.sbt.packager.rpm.RpmPlugin, com.typesafe.sbt.web.SbtWeb, com.typesafe.sbt.packager.debian.DebianPlugin, play.ebean.sbt.PlayEbean, com.typesafe.sbt.packager.archetypes.JavaAppPackaging, com.typesafe.sbt.jse.SbtJsEngine, com.typesafe.sbt.digest.SbtDigest, com.typesafe.sbt.packager.archetypes.JavaServerAppPackaging, com.typesafe.sbt.jse.SbtJsTask) not found List(play.sbt.PlayJava, play.sbt.Play, play.sbt.PlayNettyServer, play.sbt.PlayLayoutPlugin, com.typesafe.sbt.jshint.SbtJSHint, com.typesafe.sbt.mocha.SbtMocha, com.typesafe.sbt.less.SbtLess, com.typesafe.sbt.rjs.SbtRjs, com.typesafe.sbt.coffeescript.SbtCoffeeScript, play.sbt.forkrun.PlayForkRun)
  :: sorting:: found: List(sbt.plugins.CorePlugin, com.typesafe.sbt.SbtNativePackager, sbt.plugins.InteractionServicePlugin, sbt.plugins.SendEventServicePlugin, sbt.plugins.SerializersPlugin, sbt.plugins.IvyPlugin, com.typesafe.sbt.packager.universal.UniversalPlugin, sbt.plugins.JvmPlugin, com.typesafe.sbt.packager.windows.WindowsPlugin, com.typesafe.sbt.packager.docker.DockerPlugin, com.typesafe.sbt.packager.linux.LinuxPlugin, com.typesafe.play.sbt.enhancer.PlayEnhancer, play.twirl.sbt.SbtTwirl, play.sbt.routes.RoutesCompiler, sbt.plugins.JUnitXmlReportPlugin, sbt.plugins.BackgroundRunPlugin, com.typesafe.sbt.packager.rpm.RpmPlugin, com.typesafe.sbt.web.SbtWeb, com.typesafe.sbt.packager.debian.DebianPlugin, play.ebean.sbt.PlayEbean, com.typesafe.sbt.packager.archetypes.JavaAppPackaging, com.typesafe.sbt.jse.SbtJsEngine, com.typesafe.sbt.digest.SbtDigest, com.typesafe.sbt.packager.archetypes.JavaServerAppPackaging, com.typesafe.sbt.jse.SbtJsTask, play.sbt.Play, com.typesafe.sbt.jshint.SbtJSHint, com.typesafe.sbt.mocha.SbtMocha, com.typesafe.sbt.less.SbtLess, com.typesafe.sbt.rjs.SbtRjs, com.typesafe.sbt.coffeescript.SbtCoffeeScript) not found List(play.sbt.PlayJava, play.sbt.PlayNettyServer, play.sbt.PlayLayoutPlugin, play.sbt.forkrun.PlayForkRun)
  :: sorting:: found: List(sbt.plugins.CorePlugin, com.typesafe.sbt.SbtNativePackager, sbt.plugins.InteractionServicePlugin, sbt.plugins.SendEventServicePlugin, sbt.plugins.SerializersPlugin, sbt.plugins.IvyPlugin, com.typesafe.sbt.packager.universal.UniversalPlugin, sbt.plugins.JvmPlugin, com.typesafe.sbt.packager.windows.WindowsPlugin, com.typesafe.sbt.packager.docker.DockerPlugin, com.typesafe.sbt.packager.linux.LinuxPlugin, com.typesafe.play.sbt.enhancer.PlayEnhancer, play.twirl.sbt.SbtTwirl, play.sbt.routes.RoutesCompiler, sbt.plugins.JUnitXmlReportPlugin, sbt.plugins.BackgroundRunPlugin, com.typesafe.sbt.packager.rpm.RpmPlugin, com.typesafe.sbt.web.SbtWeb, com.typesafe.sbt.packager.debian.DebianPlugin, play.ebean.sbt.PlayEbean, com.typesafe.sbt.packager.archetypes.JavaAppPackaging, com.typesafe.sbt.jse.SbtJsEngine, com.typesafe.sbt.digest.SbtDigest, com.typesafe.sbt.packager.archetypes.JavaServerAppPackaging, com.typesafe.sbt.jse.SbtJsTask, play.sbt.Play, com.typesafe.sbt.jshint.SbtJSHint, com.typesafe.sbt.mocha.SbtMocha, com.typesafe.sbt.less.SbtLess, com.typesafe.sbt.rjs.SbtRjs, com.typesafe.sbt.coffeescript.SbtCoffeeScript, play.sbt.PlayJava, play.sbt.PlayNettyServer, play.sbt.PlayLayoutPlugin, play.sbt.forkrun.PlayForkRun) not found List()
  :: sorted deduced result: List(sbt.plugins.CorePlugin, com.typesafe.sbt.SbtNativePackager, sbt.plugins.InteractionServicePlugin, sbt.plugins.SendEventServicePlugin, sbt.plugins.SerializersPlugin, sbt.plugins.IvyPlugin, com.typesafe.sbt.packager.universal.UniversalPlugin, sbt.plugins.JvmPlugin, com.typesafe.sbt.packager.windows.WindowsPlugin, com.typesafe.sbt.packager.docker.DockerPlugin, com.typesafe.sbt.packager.linux.LinuxPlugin, com.typesafe.play.sbt.enhancer.PlayEnhancer, play.twirl.sbt.SbtTwirl, play.sbt.routes.RoutesCompiler, sbt.plugins.JUnitXmlReportPlugin, sbt.plugins.BackgroundRunPlugin, com.typesafe.sbt.packager.rpm.RpmPlugin, com.typesafe.sbt.web.SbtWeb, com.typesafe.sbt.packager.debian.DebianPlugin, play.ebean.sbt.PlayEbean, com.typesafe.sbt.packager.archetypes.JavaAppPackaging, com.typesafe.sbt.jse.SbtJsEngine, com.typesafe.sbt.digest.SbtDigest, com.typesafe.sbt.packager.archetypes.JavaServerAppPackaging, com.typesafe.sbt.jse.SbtJsTask, play.sbt.Play, com.typesafe.sbt.jshint.SbtJSHint, com.typesafe.sbt.mocha.SbtMocha, com.typesafe.sbt.less.SbtLess, com.typesafe.sbt.rjs.SbtRjs, com.typesafe.sbt.coffeescript.SbtCoffeeScript, play.sbt.PlayJava, play.sbt.PlayNettyServer, play.sbt.PlayLayoutPlugin, play.sbt.forkrun.PlayForkRun)
[Loading] Done in /Users/MichaelAWYu/Documents/UnloadingYard/WorldKing/ResuMate, returning: (root)
Set current project to play-java (in build file:/Users/MichaelAWYu/Documents/UnloadingYard/WorldKing/ResuMate/)
Reapplying settings...
Set current project to play-java (in build file:/Users/MichaelAWYu/Documents/UnloadingYard/WorldKing/ResuMate/)
> iflast shell
> server-send-ready-for-request
> server-handle-next-server-request
> {file:/Users/MichaelAWYu/Documents/UnloadingYard/WorldKing/ResuMate/}root/compile:discoveredMainClasses
Evaluating tasks: compile:discoveredMainClasses
Running task... Cancel: sbt.server.ServerTaskCancellation@3260de4a, check cycles: false

Initial source changes: 
	removed:Set()
	added: Set()
	modified: Set()
Removed products: Set()
External API changes: API Changes: Set()
Modified binary dependencies: Set()
Initial directly invalidated sources: Set()

Sources indirectly invalidated by:
	product: Set()
	binary dep: Set()
	external source: Set()
All initially invalidated sources: Set()

Total time: 1 s, completed Dec 10, 2015 10:53:34 PM
> server-post-command-cleanup
> server-handle-next-server-request
> {file:/Users/MichaelAWYu/Documents/UnloadingYard/WorldKing/ResuMate/}root/compile:mainClass
Evaluating tasks: compile:mainClass
Running task... Cancel: sbt.server.ServerTaskCancellation@338e67a, check cycles: false
Total time: 0 s, completed Dec 10, 2015 10:53:34 PM
> server-post-command-cleanup
> server-handle-next-server-request
> {file:/Users/MichaelAWYu/Documents/UnloadingYard/WorldKing/ResuMate/}root/compile:discoveredMainClasses
Evaluating tasks: compile:discoveredMainClasses
Running task... Cancel: sbt.server.ServerTaskCancellation@34cf51f6, check cycles: false

Initial source changes: 
	removed:Set()
	added: Set()
	modified: Set()
Removed products: Set()
External API changes: API Changes: Set()
Modified binary dependencies: Set()
Initial directly invalidated sources: Set()

Sources indirectly invalidated by:
	product: Set()
	binary dep: Set()
	external source: Set()
All initially invalidated sources: Set()

Total time: 1 s, completed Dec 10, 2015 10:53:35 PM
> server-post-command-cleanup
> server-handle-next-server-request
> {file:/Users/MichaelAWYu/Documents/UnloadingYard/WorldKing/ResuMate/}root/compile:mainClass
Evaluating tasks: compile:mainClass
Running task... Cancel: sbt.server.ServerTaskCancellation@5f981c26, check cycles: false
Total time: 0 s, completed Dec 10, 2015 10:53:35 PM
> server-post-command-cleanup
> server-handle-next-server-request
> test
Evaluating tasks: test:test
Running task... Cancel: sbt.server.ServerTaskCancellation@52be7e9b, check cycles: false

Initial source changes: 
	removed:Set()
	added: Set()
	modified: Set()
Removed products: Set()
External API changes: API Changes: Set()
Modified binary dependencies: Set()
Initial directly invalidated sources: Set()

Sources indirectly invalidated by:
	product: Set()
	binary dep: Set()
	external source: Set()
All initially invalidated sources: Set()

Warning: node.js detection failed, sbt will use the Rhino based Trireme JavaScript engine instead to run JavaScript assets compilation, which in some cases may be orders of magnitude slower than using node.js.
Copy resource mappings: 
	(/Users/MichaelAWYu/Documents/UnloadingYard/WorldKing/ResuMate/conf/application.conf,/Users/MichaelAWYu/Documents/UnloadingYard/WorldKing/ResuMate/target/scala-2.11/classes/application.conf)
	(/Users/MichaelAWYu/Documents/UnloadingYard/WorldKing/ResuMate/conf/evolutions,/Users/MichaelAWYu/Documents/UnloadingYard/WorldKing/ResuMate/target/scala-2.11/classes/evolutions)
	(/Users/MichaelAWYu/Documents/UnloadingYard/WorldKing/ResuMate/conf/fonts,/Users/MichaelAWYu/Documents/UnloadingYard/WorldKing/ResuMate/target/scala-2.11/classes/fonts)
	(/Users/MichaelAWYu/Documents/UnloadingYard/WorldKing/ResuMate/conf/logback.xml,/Users/MichaelAWYu/Documents/UnloadingYard/WorldKing/ResuMate/target/scala-2.11/classes/logback.xml)
	(/Users/MichaelAWYu/Documents/UnloadingYard/WorldKing/ResuMate/conf/routes,/Users/MichaelAWYu/Documents/UnloadingYard/WorldKing/ResuMate/target/scala-2.11/classes/routes)
	(/Users/MichaelAWYu/Documents/UnloadingYard/WorldKing/ResuMate/conf/evolutions/default,/Users/MichaelAWYu/Documents/UnloadingYard/WorldKing/ResuMate/target/scala-2.11/classes/evolutions/default)
	(/Users/MichaelAWYu/Documents/UnloadingYard/WorldKing/ResuMate/conf/evolutions/default/1.sql,/Users/MichaelAWYu/Documents/UnloadingYard/WorldKing/ResuMate/target/scala-2.11/classes/evolutions/default/1.sql)
	(/Users/MichaelAWYu/Documents/UnloadingYard/WorldKing/ResuMate/conf/fonts/Helvetica Neue.ttf,/Users/MichaelAWYu/Documents/UnloadingYard/WorldKing/ResuMate/target/scala-2.11/classes/fonts/Helvetica Neue.ttf)

Initial source changes: 
	removed:Set()
	added: Set()
	modified: Set(/Users/MichaelAWYu/Documents/UnloadingYard/WorldKing/ResuMate/test/ModelTest.java)
Removed products: Set()
External API changes: API Changes: Set()
Modified binary dependencies: Set()
Initial directly invalidated sources: Set(/Users/MichaelAWYu/Documents/UnloadingYard/WorldKing/ResuMate/test/ModelTest.java)

Sources indirectly invalidated by:
	product: Set()
	binary dep: Set()
	external source: Set()
All initially invalidated sources: Set(/Users/MichaelAWYu/Documents/UnloadingYard/WorldKing/ResuMate/test/ModelTest.java)

Read from stdout: Compiling 1 Java source to /Users/MichaelAWYu/Documents/UnloadingYard/WorldKing/ResuMate/target/scala-2.11/test-classes...
Compiling 1 Java source to /Users/MichaelAWYu/Documents/UnloadingYard/WorldKing/ResuMate/target/scala-2.11/test-classes...
Attempting to call com.sun.tools.javac.api.JavacTool@7e813a98 directly...
Read from stdout: /Users/MichaelAWYu/Documents/UnloadingYard/WorldKing/ResuMate/test/ModelTest.java: /Users/MichaelAWYu/Documents/UnloadingYard/WorldKing/ResuMate/test/ModelTest.java uses or overrides a deprecated API.
/Users/MichaelAWYu/Documents/UnloadingYard/WorldKing/ResuMate/test/ModelTest.java: /Users/MichaelAWYu/Documents/UnloadingYard/WorldKing/ResuMate/test/ModelTest.java uses or overrides a deprecated API.
Read from stdout: /Users/MichaelAWYu/Documents/UnloadingYard/WorldKing/ResuMate/test/ModelTest.java: Recompile with -Xlint:deprecation for details.
/Users/MichaelAWYu/Documents/UnloadingYard/WorldKing/ResuMate/test/ModelTest.java: Recompile with -Xlint:deprecation for details.
Java compilation took 0.911661874 s
Java analysis took 0.183730098 s
Java compile + analysis took 1.103301938 s
Invalidating /Users/MichaelAWYu/Documents/UnloadingYard/WorldKing/ResuMate/test/ModelTest.java...
Invalidating (transitively) by inheritance from /Users/MichaelAWYu/Documents/UnloadingYard/WorldKing/ResuMate/test/ModelTest.java...
Initial set of included nodes: Set(/Users/MichaelAWYu/Documents/UnloadingYard/WorldKing/ResuMate/test/ModelTest.java)
Invalidated by transitive inheritance dependency: Set(/Users/MichaelAWYu/Documents/UnloadingYard/WorldKing/ResuMate/test/ModelTest.java)
The /Users/MichaelAWYu/Documents/UnloadingYard/WorldKing/ResuMate/test/ModelTest.java source file has the following regular definitions changed:
	CandRAvgMethodTestD.
All member reference dependencies will be considered within this context.
Name hashing optimization doesn't apply to non-Scala dependency: /Users/MichaelAWYu/Documents/UnloadingYard/WorldKing/ResuMate/test/ModelTest.java
New invalidations:
	Set()
Initial set of included nodes: Set()
Previously invalidated, but (transitively) depend on new invalidations:
	Set()
All newly invalidated sources after taking into account (previously) recompiled sources:Set()
Copy resource mappings: 
	
Framework implementation 'org.scalacheck.ScalaCheckFramework' not present.
Framework implementation 'org.specs2.runner.Specs2Framework' not present.
Framework implementation 'org.specs2.runner.SpecsFramework' not present.
Framework implementation 'org.specs.runner.SpecsFramework' not present.
Framework implementation 'org.scalatest.tools.Framework' not present.
Framework implementation 'org.scalatest.tools.ScalaTestFramework' not present.
Subclass fingerprints: List((junit.framework.TestCase,false,com.novocode.junit.JUnit3Fingerprint@50d90ec2))
Annotation fingerprints: List((org.junit.runner.RunWith,false,com.novocode.junit.RunWithFingerprint@3096fbd8), (org.junit.Test,false,com.novocode.junit.JUnitFingerprint@28215c16))
Forking tests - parallelism = false
Create a single-thread test executor
Runner for com.novocode.junit.JUnitFramework produced 2 initial tasks for 2 tests.
  Running TaskDef(ApplicationTest, sbt.ForkMain$AnnotatedFingerscan@644aa70d, false, [SuiteSelector])
Test run started
Test ApplicationTest.simpleCheck started
Test ApplicationTest.simpleCheck finished, took 0.003 sec
Test ApplicationTest.renderTemplate started
Test ApplicationTest.renderTemplate finished, took 0.866 sec
Test run finished: 0 failed, 0 ignored, 2 total, 0.88s
    Produced 0 nested tasks and 2 events.
  Running TaskDef(ModelTest, sbt.ForkMain$AnnotatedFingerscan@60e6ea0b, false, [SuiteSelector])
Test run started
Test ModelTest.CommentAndRatingTest started
[info] - application - Creating Pool for datasource 'default'
Test ModelTest.CommentAndRatingTest finished, took 2.599 sec
Test ModelTest.UserAddTest started
[info] - application - Creating Pool for datasource 'default'
[info] - application - Shutting down connection pool.
Test ModelTest.UserAddTest finished, took 0.244 sec
Test ModelTest.ResumeListAddTest started
[info] - application - Creating Pool for datasource 'default'
[info] - application - Shutting down connection pool.
Test ModelTest.ResumeListAddTest finished, took 0.148 sec
Test ModelTest.renderTemplate started
[info] - application - Creating Pool for datasource 'default'
[info] - application - Shutting down connection pool.
Test ModelTest.renderTemplate finished, took 0.126 sec
Test ModelTest.CandRAvgMethodTestA started
[info] - application - Creating Pool for datasource 'default'
[info] - application - Shutting down connection pool.
Test ModelTest.CandRAvgMethodTestA finished, took 0.145 sec
Test ModelTest.CandRAvgMethodTestB started
[info] - application - Creating Pool for datasource 'default'
[info] - application - Shutting down connection pool.
Test ModelTest.CandRAvgMethodTestB finished, took 0.107 sec
Test ModelTest.CandRAvgMethodTestC started
[info] - application - Creating Pool for datasource 'default'
[info] - application - Shutting down connection pool.
Test ModelTest.CandRAvgMethodTestC finished, took 0.108 sec
Test ModelTest.CandRAvgMethodTestD started
[info] - application - Creating Pool for datasource 'default'
[info] - application - Shutting down connection pool.
Read from stdout: Test ModelTest.CandRAvgMethodTestD failed: javax.persistence.PersistenceException: ERROR executing DML bindLog[] error[Unique index or primary key violation: "PRIMARY_KEY_8 ON PUBLIC.COMMENT_AND_RATING(UNIQUE_COMMENT_ID) VALUES ('2', 2)"; SQL statement:\n insert into comment_and_rating (unique_comment_id, user_id, date_and_time, content, rating, resume_id) values (?,?,?,?,?,?) [23505-187]], took 0.111 sec
Test ModelTest.CandRAvgMethodTestD failed: javax.persistence.PersistenceException: ERROR executing DML bindLog[] error[Unique index or primary key violation: "PRIMARY_KEY_8 ON PUBLIC.COMMENT_AND_RATING(UNIQUE_COMMENT_ID) VALUES ('2', 2)"; SQL statement:\n insert into comment_and_rating (unique_comment_id, user_id, date_and_time, content, rating, resume_id) values (?,?,?,?,?,?) [23505-187]], took 0.111 sec
Read from stdout: at com.avaje.ebeaninternal.server.persist.dml.DmlBeanPersister.execute(DmlBeanPersister.java:90)
    at com.avaje.ebeaninternal.server.persist.dml.DmlBeanPersister.execute(DmlBeanPersister.java:90)
Read from stdout: at com.avaje.ebeaninternal.server.persist.dml.DmlBeanPersister.insert(DmlBeanPersister.java:57)
    at com.avaje.ebeaninternal.server.persist.dml.DmlBeanPersister.insert(DmlBeanPersister.java:57)
Read from stdout: at com.avaje.ebeaninternal.server.persist.DefaultPersistExecute.executeInsertBean(DefaultPersistExecute.java:59)
    at com.avaje.ebeaninternal.server.persist.DefaultPersistExecute.executeInsertBean(DefaultPersistExecute.java:59)
Read from stdout: at com.avaje.ebeaninternal.server.core.PersistRequestBean.executeNow(PersistRequestBean.java:446)
    at com.avaje.ebeaninternal.server.core.PersistRequestBean.executeNow(PersistRequestBean.java:446)
Read from stdout: at com.avaje.ebeaninternal.server.core.PersistRequestBean.executeOrQueue(PersistRequestBean.java:480)
    at com.avaje.ebeaninternal.server.core.PersistRequestBean.executeOrQueue(PersistRequestBean.java:480)
Read from stdout: at com.avaje.ebeaninternal.server.persist.DefaultPersister.insert(DefaultPersister.java:261)
    at com.avaje.ebeaninternal.server.persist.DefaultPersister.insert(DefaultPersister.java:261)
Read from stdout: at com.avaje.ebeaninternal.server.persist.DefaultPersister.insert(DefaultPersister.java:211)
    at com.avaje.ebeaninternal.server.persist.DefaultPersister.insert(DefaultPersister.java:211)
Read from stdout: at com.avaje.ebeaninternal.server.persist.DefaultPersister.save(DefaultPersister.java:199)
    at com.avaje.ebeaninternal.server.persist.DefaultPersister.save(DefaultPersister.java:199)
Read from stdout: at com.avaje.ebeaninternal.server.core.DefaultServer.save(DefaultServer.java:1461)
    at com.avaje.ebeaninternal.server.core.DefaultServer.save(DefaultServer.java:1461)
Read from stdout: at com.avaje.ebeaninternal.server.core.DefaultServer.save(DefaultServer.java:1454)
    at com.avaje.ebeaninternal.server.core.DefaultServer.save(DefaultServer.java:1454)
Read from stdout: at com.avaje.ebean.Model.save(Model.java:208)
    at com.avaje.ebean.Model.save(Model.java:208)
Read from stdout: at ModelTest.CandRAvgMethodTestD(ModelTest.java:100)
    at ModelTest.CandRAvgMethodTestD(ModelTest.java:100)
Read from stdout: ...
    ...
Read from stdout: Caused by: org.h2.jdbc.JdbcSQLException: Unique index or primary key violation: "PRIMARY_KEY_8 ON PUBLIC.COMMENT_AND_RATING(UNIQUE_COMMENT_ID) VALUES ('2', 2)"; SQL statement:
Read from stdout: insert into comment_and_rating (unique_comment_id, user_id, date_and_time, content, rating, resume_id) values (?,?,?,?,?,?) [23505-187]
Caused by: org.h2.jdbc.JdbcSQLException: Unique index or primary key violation: "PRIMARY_KEY_8 ON PUBLIC.COMMENT_AND_RATING(UNIQUE_COMMENT_ID) VALUES ('2', 2)"; SQL statement:
insert into comment_and_rating (unique_comment_id, user_id, date_and_time, content, rating, resume_id) values (?,?,?,?,?,?) [23505-187]
Read from stdout: at org.h2.message.DbException.getJdbcSQLException(DbException.java:345)
    at org.h2.message.DbException.getJdbcSQLException(DbException.java:345)
Read from stdout: at org.h2.message.DbException.get(DbException.java:179)
    at org.h2.message.DbException.get(DbException.java:179)
Read from stdout: at org.h2.message.DbException.get(DbException.java:155)
    at org.h2.message.DbException.get(DbException.java:155)
Read from stdout: at org.h2.index.BaseIndex.getDuplicateKeyException(BaseIndex.java:102)
    at org.h2.index.BaseIndex.getDuplicateKeyException(BaseIndex.java:102)
Read from stdout: at org.h2.mvstore.db.MVSecondaryIndex.checkUnique(MVSecondaryIndex.java:233)
    at org.h2.mvstore.db.MVSecondaryIndex.checkUnique(MVSecondaryIndex.java:233)
Read from stdout: at org.h2.mvstore.db.MVSecondaryIndex.add(MVSecondaryIndex.java:191)
    at org.h2.mvstore.db.MVSecondaryIndex.add(MVSecondaryIndex.java:191)
Read from stdout: at org.h2.mvstore.db.MVTable.addRow(MVTable.java:638)
    at org.h2.mvstore.db.MVTable.addRow(MVTable.java:638)
Read from stdout: at org.h2.command.dml.Insert.insertRows(Insert.java:156)
    at org.h2.command.dml.Insert.insertRows(Insert.java:156)
Read from stdout: at org.h2.command.dml.Insert.update(Insert.java:114)
    at org.h2.command.dml.Insert.update(Insert.java:114)
Read from stdout: at org.h2.command.CommandContainer.update(CommandContainer.java:78)
    at org.h2.command.CommandContainer.update(CommandContainer.java:78)
Read from stdout: at org.h2.command.Command.executeUpdate(Command.java:254)
    at org.h2.command.Command.executeUpdate(Command.java:254)
Read from stdout: at org.h2.jdbc.JdbcPreparedStatement.executeUpdateInternal(JdbcPreparedStatement.java:157)
    at org.h2.jdbc.JdbcPreparedStatement.executeUpdateInternal(JdbcPreparedStatement.java:157)
Read from stdout: at org.h2.jdbc.JdbcPreparedStatement.executeUpdate(JdbcPreparedStatement.java:143)
    at org.h2.jdbc.JdbcPreparedStatement.executeUpdate(JdbcPreparedStatement.java:143)
Read from stdout: at com.zaxxer.hikari.proxy.PreparedStatementProxy.executeUpdate(PreparedStatementProxy.java:61)
    at com.zaxxer.hikari.proxy.PreparedStatementProxy.executeUpdate(PreparedStatementProxy.java:61)
Read from stdout: at com.zaxxer.hikari.proxy.PreparedStatementJavassistProxy.executeUpdate(PreparedStatementJavassistProxy.java)
    at com.zaxxer.hikari.proxy.PreparedStatementJavassistProxy.executeUpdate(PreparedStatementJavassistProxy.java)
Read from stdout: at com.avaje.ebeaninternal.server.type.DataBind.executeUpdate(DataBind.java:56)
    at com.avaje.ebeaninternal.server.type.DataBind.executeUpdate(DataBind.java:56)
Read from stdout: at com.avaje.ebeaninternal.server.persist.dml.InsertHandler.execute(InsertHandler.java:128)
    at com.avaje.ebeaninternal.server.persist.dml.InsertHandler.execute(InsertHandler.java:128)
Read from stdout: at com.avaje.ebeaninternal.server.persist.dml.DmlBeanPersister.execute(DmlBeanPersister.java:80)
    at com.avaje.ebeaninternal.server.persist.dml.DmlBeanPersister.execute(DmlBeanPersister.java:80)
Read from stdout: ... 46 more
    ... 46 more
Test ModelTest.CandRAvgMethodTestD finished, took 0.151 sec
Test ModelTest.JobCategoryAddTest started
[info] - application - Creating Pool for datasource 'default'
[info] - application - Shutting down connection pool.
Test ModelTest.JobCategoryAddTest finished, took 0.119 sec
Test run finished: 1 failed, 0 ignored, 9 total, 3.752s
    Produced 0 nested tasks and 9 events.
Summary for JUnit not available.
Read from stdout: Failed: Total 11, Failed 1, Errors 0, Passed 10
Failed: Total 11, Failed 1, Errors 0, Passed 10
Passed tests:
	ApplicationTest
Read from stdout: Failed tests:
Failed tests:
Read from stdout: 	ModelTest
	ModelTest
Read from stdout: (test:test) sbt.TestsFailedException: Tests unsuccessful
(test:test) sbt.TestsFailedException: Tests unsuccessful
Total time: 8 s, completed Dec 10, 2015 10:53:46 PM
> server-post-command-error-handler
> server-post-command-cleanup
> server-handle-next-server-request
> compile
Evaluating tasks: compile:compile
Running task... Cancel: sbt.server.ServerTaskCancellation@55305bf, check cycles: false

Initial source changes: 
	removed:Set()
	added: Set()
	modified: Set()
Removed products: Set()
External API changes: API Changes: Set()
Modified binary dependencies: Set()
Initial directly invalidated sources: Set()

Sources indirectly invalidated by:
	product: Set()
	binary dep: Set()
	external source: Set()
All initially invalidated sources: Set()

Total time: 1 s, completed Dec 10, 2015 10:54:00 PM
> server-post-command-cleanup
> server-handle-next-server-request
> test
Evaluating tasks: test:test
Running task... Cancel: sbt.server.ServerTaskCancellation@1f4dc72e, check cycles: false

Initial source changes: 
	removed:Set()
	added: Set()
	modified: Set()
Removed products: Set()
External API changes: API Changes: Set()
Modified binary dependencies: Set()
Initial directly invalidated sources: Set()

Sources indirectly invalidated by:
	product: Set()
	binary dep: Set()
	external source: Set()
All initially invalidated sources: Set()

Copy resource mappings: 
	(/Users/MichaelAWYu/Documents/UnloadingYard/WorldKing/ResuMate/conf/application.conf,/Users/MichaelAWYu/Documents/UnloadingYard/WorldKing/ResuMate/target/scala-2.11/classes/application.conf)
	(/Users/MichaelAWYu/Documents/UnloadingYard/WorldKing/ResuMate/conf/evolutions,/Users/MichaelAWYu/Documents/UnloadingYard/WorldKing/ResuMate/target/scala-2.11/classes/evolutions)
	(/Users/MichaelAWYu/Documents/UnloadingYard/WorldKing/ResuMate/conf/fonts,/Users/MichaelAWYu/Documents/UnloadingYard/WorldKing/ResuMate/target/scala-2.11/classes/fonts)
	(/Users/MichaelAWYu/Documents/UnloadingYard/WorldKing/ResuMate/conf/logback.xml,/Users/MichaelAWYu/Documents/UnloadingYard/WorldKing/ResuMate/target/scala-2.11/classes/logback.xml)
	(/Users/MichaelAWYu/Documents/UnloadingYard/WorldKing/ResuMate/conf/routes,/Users/MichaelAWYu/Documents/UnloadingYard/WorldKing/ResuMate/target/scala-2.11/classes/routes)
	(/Users/MichaelAWYu/Documents/UnloadingYard/WorldKing/ResuMate/conf/evolutions/default,/Users/MichaelAWYu/Documents/UnloadingYard/WorldKing/ResuMate/target/scala-2.11/classes/evolutions/default)
	(/Users/MichaelAWYu/Documents/UnloadingYard/WorldKing/ResuMate/conf/evolutions/default/1.sql,/Users/MichaelAWYu/Documents/UnloadingYard/WorldKing/ResuMate/target/scala-2.11/classes/evolutions/default/1.sql)
	(/Users/MichaelAWYu/Documents/UnloadingYard/WorldKing/ResuMate/conf/fonts/Helvetica Neue.ttf,/Users/MichaelAWYu/Documents/UnloadingYard/WorldKing/ResuMate/target/scala-2.11/classes/fonts/Helvetica Neue.ttf)

Initial source changes: 
	removed:Set()
	added: Set()
	modified: Set(/Users/MichaelAWYu/Documents/UnloadingYard/WorldKing/ResuMate/test/ModelTest.java)
Removed products: Set()
External API changes: API Changes: Set()
Modified binary dependencies: Set()
Initial directly invalidated sources: Set(/Users/MichaelAWYu/Documents/UnloadingYard/WorldKing/ResuMate/test/ModelTest.java)

Sources indirectly invalidated by:
	product: Set()
	binary dep: Set()
	external source: Set()
All initially invalidated sources: Set(/Users/MichaelAWYu/Documents/UnloadingYard/WorldKing/ResuMate/test/ModelTest.java)

Read from stdout: Compiling 1 Java source to /Users/MichaelAWYu/Documents/UnloadingYard/WorldKing/ResuMate/target/scala-2.11/test-classes...
Compiling 1 Java source to /Users/MichaelAWYu/Documents/UnloadingYard/WorldKing/ResuMate/target/scala-2.11/test-classes...
Attempting to call com.sun.tools.javac.api.JavacTool@47a37ff7 directly...
Read from stdout: /Users/MichaelAWYu/Documents/UnloadingYard/WorldKing/ResuMate/test/ModelTest.java: /Users/MichaelAWYu/Documents/UnloadingYard/WorldKing/ResuMate/test/ModelTest.java uses or overrides a deprecated API.
/Users/MichaelAWYu/Documents/UnloadingYard/WorldKing/ResuMate/test/ModelTest.java: /Users/MichaelAWYu/Documents/UnloadingYard/WorldKing/ResuMate/test/ModelTest.java uses or overrides a deprecated API.
Read from stdout: /Users/MichaelAWYu/Documents/UnloadingYard/WorldKing/ResuMate/test/ModelTest.java: Recompile with -Xlint:deprecation for details.
/Users/MichaelAWYu/Documents/UnloadingYard/WorldKing/ResuMate/test/ModelTest.java: Recompile with -Xlint:deprecation for details.
Java compilation took 0.201404336 s
Java analysis took 0.033038855 s
Java compile + analysis took 0.240023743 s
New invalidations:
	Set()
Initial set of included nodes: Set()
Previously invalidated, but (transitively) depend on new invalidations:
	Set()
All newly invalidated sources after taking into account (previously) recompiled sources:Set()
Copy resource mappings: 
	
Framework implementation 'org.scalacheck.ScalaCheckFramework' not present.
Framework implementation 'org.specs2.runner.Specs2Framework' not present.
Framework implementation 'org.specs2.runner.SpecsFramework' not present.
Framework implementation 'org.specs.runner.SpecsFramework' not present.
Framework implementation 'org.scalatest.tools.Framework' not present.
Framework implementation 'org.scalatest.tools.ScalaTestFramework' not present.
Subclass fingerprints: List((junit.framework.TestCase,false,com.novocode.junit.JUnit3Fingerprint@d07070d))
Annotation fingerprints: List((org.junit.runner.RunWith,false,com.novocode.junit.RunWithFingerprint@7a1a2790), (org.junit.Test,false,com.novocode.junit.JUnitFingerprint@dabbf28))
Forking tests - parallelism = false
Create a single-thread test executor
Runner for com.novocode.junit.JUnitFramework produced 2 initial tasks for 2 tests.
  Running TaskDef(ApplicationTest, sbt.ForkMain$AnnotatedFingerscan@38727fb5, false, [SuiteSelector])
Test run started
Test ApplicationTest.simpleCheck started
Test ApplicationTest.simpleCheck finished, took 0.002 sec
Test ApplicationTest.renderTemplate started
Test ApplicationTest.renderTemplate finished, took 0.528 sec
Test run finished: 0 failed, 0 ignored, 2 total, 0.54s
    Produced 0 nested tasks and 2 events.
  Running TaskDef(ModelTest, sbt.ForkMain$AnnotatedFingerscan@125661a1, false, [SuiteSelector])
Test run started
Test ModelTest.CommentAndRatingTest started
[info] - application - Creating Pool for datasource 'default'
Test ModelTest.CommentAndRatingTest finished, took 2.596 sec
Test ModelTest.UserAddTest started
[info] - application - Creating Pool for datasource 'default'
[info] - application - Shutting down connection pool.
Test ModelTest.UserAddTest finished, took 0.231 sec
Test ModelTest.ResumeListAddTest started
[info] - application - Creating Pool for datasource 'default'
[info] - application - Shutting down connection pool.
Test ModelTest.ResumeListAddTest finished, took 0.135 sec
Test ModelTest.renderTemplate started
[info] - application - Creating Pool for datasource 'default'
[info] - application - Shutting down connection pool.
Test ModelTest.renderTemplate finished, took 0.131 sec
Test ModelTest.CandRAvgMethodTestA started
[info] - application - Creating Pool for datasource 'default'
[info] - application - Shutting down connection pool.
Test ModelTest.CandRAvgMethodTestA finished, took 0.157 sec
Test ModelTest.CandRAvgMethodTestB started
[info] - application - Creating Pool for datasource 'default'
[info] - application - Shutting down connection pool.
Test ModelTest.CandRAvgMethodTestB finished, took 0.102 sec
Test ModelTest.CandRAvgMethodTestC started
[info] - application - Creating Pool for datasource 'default'
[info] - application - Shutting down connection pool.
Test ModelTest.CandRAvgMethodTestC finished, took 0.1 sec
Test ModelTest.CandRAvgMethodTestD started
[info] - application - Creating Pool for datasource 'default'
[info] - application - Shutting down connection pool.
Test ModelTest.CandRAvgMethodTestD finished, took 0.11 sec
Test ModelTest.JobCategoryAddTest started
[info] - application - Creating Pool for datasource 'default'
[info] - application - Shutting down connection pool.
Test ModelTest.JobCategoryAddTest finished, took 0.089 sec
Test run finished: 0 failed, 0 ignored, 9 total, 3.66s
    Produced 0 nested tasks and 9 events.
Summary for JUnit not available.
Read from stdout: Passed: Total 11, Failed 0, Errors 0, Passed 11
Passed: Total 11, Failed 0, Errors 0, Passed 11
Passed tests:
	ModelTest
	ApplicationTest
Total time: 6 s, completed Dec 10, 2015 10:54:07 PM
> server-post-command-cleanup
> server-handle-next-server-request
