New log file opened at Fri Nov 13 16:00:58 EST 2015 by 7190@MichaelAWYus-MacBook-Pro.local
Taking next connection to: 61239
New client attempting to connect on port: 61240-61239
  Address = /192.168.0.3:61239
This client on port 61240 has uuid 95f78a71-7a5e-4731-a9db-935252511ccd configName activator humanReadableName Activator protocolVersion 3 featureTags Vector()
Connected Clients: activator-95f78a71-7a5e-4731-a9db-935252511ccd
Taking next connection to: 61239
New client attempting to connect on port: 61245-61239
  Address = /192.168.0.3:61239
Handshake exception on socket: 61245
sbt.impl.ipc.HandshakeException: Unable to perform handshake
	at sbt.impl.ipc.Peer.handshake(IPC.scala:46)
	at sbt.impl.ipc.MultiClientServer.<init>(IPC.scala:150)
	at sbt.server.SbtServerSocketHandler$$anon$1.run(SbtServerSocketHandler.scala:43)
Caused by: java.io.EOFException
	at java.io.DataInputStream.readInt(DataInputStream.java:392)
	at sbt.impl.ipc.Peer.receive(IPC.scala:95)
	at sbt.impl.ipc.Peer.handshake(IPC.scala:49)
	... 2 more
Taking next connection to: 61239
New client attempting to connect on port: 61246-61239
  Address = /192.168.0.3:61239
This client on port 61246 has uuid ecabd118-4489-4a7f-b8ea-34369c08987d configName play-fork-run humanReadableName Play Fork Run protocolVersion 1 featureTags Vector()
Connected Clients: activator-95f78a71-7a5e-4731-a9db-935252511ccd, play-fork-run-ecabd118-4489-4a7f-b8ea-34369c08987d
Taking next connection to: 61239
